{"C:\\Users\\CatsPC\\Desktop\\NPM\\swig-minifier\\test.js":{"path":"C:\\Users\\CatsPC\\Desktop\\NPM\\swig-minifier\\test.js","s":{"1":1,"2":1,"3":1,"4":1,"5":1,"6":1,"7":1,"8":1,"9":1,"10":1,"11":1,"12":1,"13":1,"14":1,"15":1,"16":1,"17":1,"18":1,"19":1,"20":1,"21":1,"22":1,"23":1,"24":1},"b":{"1":[1,0],"2":[1,1],"3":[1,0],"4":[1,0]},"f":{"1":1,"2":1,"3":1},"fnMap":{"1":{"name":"(anonymous_1)","line":18,"loc":{"start":{"line":18,"column":13},"end":{"line":18,"column":33}}},"2":{"name":"(anonymous_2)","line":23,"loc":{"start":{"line":23,"column":33},"end":{"line":23,"column":66}}},"3":{"name":"(anonymous_3)","line":29,"loc":{"start":{"line":29,"column":12},"end":{"line":29,"column":22}}}},"statementMap":{"1":{"start":{"line":1,"column":0},"end":{"line":1,"column":33}},"2":{"start":{"line":2,"column":0},"end":{"line":2,"column":31}},"3":{"start":{"line":3,"column":0},"end":{"line":3,"column":33}},"4":{"start":{"line":4,"column":0},"end":{"line":4,"column":36}},"5":{"start":{"line":6,"column":0},"end":{"line":6,"column":34}},"6":{"start":{"line":7,"column":0},"end":{"line":7,"column":19}},"7":{"start":{"line":9,"column":0},"end":{"line":9,"column":23}},"8":{"start":{"line":10,"column":0},"end":{"line":10,"column":20}},"9":{"start":{"line":12,"column":0},"end":{"line":12,"column":54}},"10":{"start":{"line":14,"column":0},"end":{"line":14,"column":40}},"11":{"start":{"line":15,"column":0},"end":{"line":15,"column":31}},"12":{"start":{"line":16,"column":0},"end":{"line":16,"column":28}},"13":{"start":{"line":18,"column":0},"end":{"line":20,"column":3}},"14":{"start":{"line":19,"column":1},"end":{"line":19,"column":55}},"15":{"start":{"line":22,"column":0},"end":{"line":22,"column":33}},"16":{"start":{"line":23,"column":0},"end":{"line":27,"column":2}},"17":{"start":{"line":24,"column":1},"end":{"line":26,"column":2}},"18":{"start":{"line":25,"column":2},"end":{"line":25,"column":52}},"19":{"start":{"line":25,"column":34},"end":{"line":25,"column":52}},"20":{"start":{"line":29,"column":0},"end":{"line":34,"column":8}},"21":{"start":{"line":30,"column":1},"end":{"line":33,"column":2}},"22":{"start":{"line":31,"column":2},"end":{"line":31,"column":30}},"23":{"start":{"line":32,"column":2},"end":{"line":32,"column":17}},"24":{"start":{"line":36,"column":0},"end":{"line":36,"column":30}}},"branchMap":{"1":{"line":24,"type":"if","locations":[{"start":{"line":24,"column":1},"end":{"line":24,"column":1}},{"start":{"line":24,"column":1},"end":{"line":24,"column":1}}]},"2":{"line":24,"type":"binary-expr","locations":[{"start":{"line":24,"column":5},"end":{"line":24,"column":11}},{"start":{"line":24,"column":15},"end":{"line":24,"column":41}}]},"3":{"line":25,"type":"if","locations":[{"start":{"line":25,"column":2},"end":{"line":25,"column":2}},{"start":{"line":25,"column":2},"end":{"line":25,"column":2}}]},"4":{"line":30,"type":"if","locations":[{"start":{"line":30,"column":1},"end":{"line":30,"column":1}},{"start":{"line":30,"column":1},"end":{"line":30,"column":1}}]}}},"C:\\Users\\CatsPC\\Desktop\\NPM\\swig-minifier\\app.js":{"path":"C:\\Users\\CatsPC\\Desktop\\NPM\\swig-minifier\\app.js","s":{"1":1,"2":1,"3":1,"4":1,"5":1,"6":1,"7":1,"8":1,"9":1,"10":1,"11":1,"12":1,"13":1,"14":1,"15":1,"16":1,"17":1,"18":0,"19":1,"20":1,"21":1,"22":1,"23":0,"24":1,"25":0,"26":0,"27":1,"28":0,"29":0,"30":0,"31":0,"32":0,"33":0,"34":0,"35":0,"36":0,"37":0,"38":0,"39":1,"40":1,"41":1,"42":0,"43":1,"44":1,"45":0,"46":1,"47":1,"48":1,"49":1,"50":1,"51":1,"52":1,"53":1,"54":1,"55":1,"56":0,"57":1,"58":0,"59":1,"60":1,"61":1,"62":0,"63":1,"64":1,"65":1,"66":1,"67":0,"68":0,"69":0,"70":0,"71":0,"72":0,"73":0,"74":1,"75":0,"76":0,"77":0,"78":0,"79":0,"80":0,"81":0,"82":0,"83":1,"84":0,"85":0,"86":0,"87":0,"88":0,"89":0,"90":0,"91":0,"92":0,"93":1,"94":0,"95":0,"96":0,"97":0,"98":0,"99":1,"100":1,"101":0,"102":1,"103":0,"104":1},"b":{"1":[1,0],"2":[0,1],"3":[1,1,0,0],"4":[1,0],"5":[1,0],"6":[0,1],"7":[0,1],"8":[0,0],"9":[0,0],"10":[0,0],"11":[0,0],"12":[0,0],"13":[0,1],"14":[0,1],"15":[1,0],"16":[1,0],"17":[0,1],"18":[0,1],"19":[0,1],"20":[1,0],"21":[0,0],"22":[0,0],"23":[0,0],"24":[0,0],"25":[0,0],"26":[0,0],"27":[0,0],"28":[0,1]},"f":{"1":1,"2":0,"3":0,"4":0,"5":1,"6":1,"7":1,"8":1,"9":0,"10":0,"11":0,"12":0,"13":0,"14":0,"15":0,"16":1,"17":0},"fnMap":{"1":{"name":"(anonymous_1)","line":22,"loc":{"start":{"line":22,"column":15},"end":{"line":22,"column":29}}},"2":{"name":"(anonymous_2)","line":35,"loc":{"start":{"line":35,"column":21},"end":{"line":35,"column":31}}},"3":{"name":"(anonymous_3)","line":38,"loc":{"start":{"line":38,"column":65},"end":{"line":38,"column":80}}},"4":{"name":"(anonymous_4)","line":47,"loc":{"start":{"line":47,"column":19},"end":{"line":47,"column":38}}},"5":{"name":"(anonymous_5)","line":53,"loc":{"start":{"line":53,"column":17},"end":{"line":53,"column":48}}},"6":{"name":"(anonymous_6)","line":54,"loc":{"start":{"line":54,"column":45},"end":{"line":54,"column":65}}},"7":{"name":"(anonymous_7)","line":79,"loc":{"start":{"line":79,"column":12},"end":{"line":79,"column":37}}},"8":{"name":"(anonymous_8)","line":83,"loc":{"start":{"line":83,"column":19},"end":{"line":83,"column":37}}},"9":{"name":"(anonymous_9)","line":87,"loc":{"start":{"line":87,"column":27},"end":{"line":87,"column":41}}},"10":{"name":"(anonymous_10)","line":95,"loc":{"start":{"line":95,"column":14},"end":{"line":95,"column":39}}},"11":{"name":"(anonymous_11)","line":96,"loc":{"start":{"line":96,"column":18},"end":{"line":96,"column":38}}},"12":{"name":"(anonymous_12)","line":106,"loc":{"start":{"line":106,"column":13},"end":{"line":106,"column":38}}},"13":{"name":"(anonymous_13)","line":108,"loc":{"start":{"line":108,"column":17},"end":{"line":108,"column":38}}},"14":{"name":"(anonymous_14)","line":118,"loc":{"start":{"line":118,"column":14},"end":{"line":118,"column":24}}},"15":{"name":"(anonymous_15)","line":121,"loc":{"start":{"line":121,"column":21},"end":{"line":121,"column":36}}},"16":{"name":"(anonymous_16)","line":127,"loc":{"start":{"line":127,"column":14},"end":{"line":127,"column":24}}},"17":{"name":"(anonymous_17)","line":132,"loc":{"start":{"line":132,"column":9},"end":{"line":132,"column":25}}}},"statementMap":{"1":{"start":{"line":2,"column":0},"end":{"line":2,"column":49}},"2":{"start":{"line":3,"column":0},"end":{"line":3,"column":27}},"3":{"start":{"line":4,"column":0},"end":{"line":4,"column":23}},"4":{"start":{"line":5,"column":0},"end":{"line":5,"column":23}},"5":{"start":{"line":6,"column":0},"end":{"line":6,"column":27}},"6":{"start":{"line":7,"column":0},"end":{"line":7,"column":29}},"7":{"start":{"line":8,"column":0},"end":{"line":8,"column":40}},"8":{"start":{"line":9,"column":0},"end":{"line":9,"column":32}},"9":{"start":{"line":12,"column":0},"end":{"line":12,"column":61}},"10":{"start":{"line":13,"column":0},"end":{"line":13,"column":25}},"11":{"start":{"line":14,"column":0},"end":{"line":14,"column":12}},"12":{"start":{"line":15,"column":0},"end":{"line":15,"column":11}},"13":{"start":{"line":18,"column":0},"end":{"line":18,"column":52}},"14":{"start":{"line":19,"column":0},"end":{"line":19,"column":46}},"15":{"start":{"line":22,"column":0},"end":{"line":33,"column":1}},"16":{"start":{"line":23,"column":1},"end":{"line":23,"column":16}},"17":{"start":{"line":24,"column":1},"end":{"line":24,"column":160}},"18":{"start":{"line":24,"column":109},"end":{"line":24,"column":160}},"19":{"start":{"line":25,"column":1},"end":{"line":28,"column":2}},"20":{"start":{"line":26,"column":2},"end":{"line":26,"column":57}},"21":{"start":{"line":26,"column":29},"end":{"line":26,"column":57}},"22":{"start":{"line":27,"column":2},"end":{"line":27,"column":51}},"23":{"start":{"line":27,"column":26},"end":{"line":27,"column":51}},"24":{"start":{"line":29,"column":1},"end":{"line":32,"column":2}},"25":{"start":{"line":30,"column":2},"end":{"line":30,"column":48}},"26":{"start":{"line":31,"column":2},"end":{"line":31,"column":48}},"27":{"start":{"line":35,"column":0},"end":{"line":51,"column":1}},"28":{"start":{"line":36,"column":1},"end":{"line":36,"column":15}},"29":{"start":{"line":37,"column":1},"end":{"line":41,"column":2}},"30":{"start":{"line":38,"column":2},"end":{"line":40,"column":5}},"31":{"start":{"line":39,"column":3},"end":{"line":39,"column":62}},"32":{"start":{"line":42,"column":1},"end":{"line":44,"column":2}},"33":{"start":{"line":43,"column":2},"end":{"line":43,"column":21}},"34":{"start":{"line":45,"column":1},"end":{"line":50,"column":2}},"35":{"start":{"line":46,"column":2},"end":{"line":46,"column":16}},"36":{"start":{"line":47,"column":2},"end":{"line":49,"column":5}},"37":{"start":{"line":48,"column":3},"end":{"line":48,"column":32}},"38":{"start":{"line":48,"column":11},"end":{"line":48,"column":32}},"39":{"start":{"line":53,"column":0},"end":{"line":74,"column":2}},"40":{"start":{"line":54,"column":4},"end":{"line":73,"column":4}},"41":{"start":{"line":55,"column":2},"end":{"line":55,"column":31}},"42":{"start":{"line":55,"column":10},"end":{"line":55,"column":31}},"43":{"start":{"line":56,"column":2},"end":{"line":56,"column":16}},"44":{"start":{"line":59,"column":2},"end":{"line":59,"column":63}},"45":{"start":{"line":59,"column":32},"end":{"line":59,"column":63}},"46":{"start":{"line":62,"column":2},"end":{"line":62,"column":30}},"47":{"start":{"line":63,"column":2},"end":{"line":63,"column":31}},"48":{"start":{"line":64,"column":2},"end":{"line":64,"column":63}},"49":{"start":{"line":65,"column":2},"end":{"line":65,"column":26}},"50":{"start":{"line":66,"column":2},"end":{"line":66,"column":58}},"51":{"start":{"line":66,"column":32},"end":{"line":66,"column":58}},"52":{"start":{"line":67,"column":2},"end":{"line":67,"column":20}},"53":{"start":{"line":70,"column":2},"end":{"line":70,"column":59}},"54":{"start":{"line":70,"column":32},"end":{"line":70,"column":59}},"55":{"start":{"line":71,"column":2},"end":{"line":71,"column":61}},"56":{"start":{"line":71,"column":33},"end":{"line":71,"column":61}},"57":{"start":{"line":72,"column":2},"end":{"line":72,"column":63}},"58":{"start":{"line":72,"column":34},"end":{"line":72,"column":63}},"59":{"start":{"line":79,"column":0},"end":{"line":92,"column":1}},"60":{"start":{"line":80,"column":1},"end":{"line":80,"column":58}},"61":{"start":{"line":81,"column":1},"end":{"line":81,"column":59}},"62":{"start":{"line":81,"column":25},"end":{"line":81,"column":59}},"63":{"start":{"line":82,"column":1},"end":{"line":82,"column":47}},"64":{"start":{"line":83,"column":1},"end":{"line":91,"column":4}},"65":{"start":{"line":84,"column":2},"end":{"line":84,"column":49}},"66":{"start":{"line":84,"column":11},"end":{"line":84,"column":49}},"67":{"start":{"line":85,"column":2},"end":{"line":85,"column":48}},"68":{"start":{"line":85,"column":27},"end":{"line":85,"column":48}},"69":{"start":{"line":86,"column":2},"end":{"line":86,"column":24}},"70":{"start":{"line":87,"column":2},"end":{"line":90,"column":5}},"71":{"start":{"line":88,"column":3},"end":{"line":88,"column":33}},"72":{"start":{"line":88,"column":12},"end":{"line":88,"column":33}},"73":{"start":{"line":89,"column":3},"end":{"line":89,"column":24}},"74":{"start":{"line":95,"column":0},"end":{"line":103,"column":1}},"75":{"start":{"line":96,"column":1},"end":{"line":102,"column":4}},"76":{"start":{"line":97,"column":2},"end":{"line":97,"column":31}},"77":{"start":{"line":97,"column":10},"end":{"line":97,"column":31}},"78":{"start":{"line":98,"column":2},"end":{"line":98,"column":34}},"79":{"start":{"line":98,"column":12},"end":{"line":98,"column":34}},"80":{"start":{"line":99,"column":2},"end":{"line":99,"column":24}},"81":{"start":{"line":100,"column":2},"end":{"line":100,"column":28}},"82":{"start":{"line":101,"column":2},"end":{"line":101,"column":23}},"83":{"start":{"line":106,"column":0},"end":{"line":115,"column":1}},"84":{"start":{"line":107,"column":1},"end":{"line":107,"column":15}},"85":{"start":{"line":108,"column":1},"end":{"line":114,"column":4}},"86":{"start":{"line":109,"column":2},"end":{"line":109,"column":31}},"87":{"start":{"line":109,"column":10},"end":{"line":109,"column":31}},"88":{"start":{"line":110,"column":2},"end":{"line":110,"column":34}},"89":{"start":{"line":110,"column":12},"end":{"line":110,"column":34}},"90":{"start":{"line":111,"column":2},"end":{"line":111,"column":24}},"91":{"start":{"line":112,"column":2},"end":{"line":112,"column":23}},"92":{"start":{"line":113,"column":2},"end":{"line":113,"column":23}},"93":{"start":{"line":118,"column":0},"end":{"line":124,"column":1}},"94":{"start":{"line":119,"column":1},"end":{"line":123,"column":2}},"95":{"start":{"line":120,"column":2},"end":{"line":120,"column":32}},"96":{"start":{"line":121,"column":2},"end":{"line":121,"column":62}},"97":{"start":{"line":121,"column":38},"end":{"line":121,"column":59}},"98":{"start":{"line":122,"column":2},"end":{"line":122,"column":22}},"99":{"start":{"line":127,"column":0},"end":{"line":129,"column":1}},"100":{"start":{"line":128,"column":1},"end":{"line":128,"column":63}},"101":{"start":{"line":128,"column":14},"end":{"line":128,"column":63}},"102":{"start":{"line":132,"column":0},"end":{"line":134,"column":1}},"103":{"start":{"line":133,"column":1},"end":{"line":133,"column":110}},"104":{"start":{"line":136,"column":0},"end":{"line":136,"column":25}}},"branchMap":{"1":{"line":19,"type":"binary-expr","locations":[{"start":{"line":19,"column":0},"end":{"line":19,"column":21}},{"start":{"line":19,"column":25},"end":{"line":19,"column":45}}]},"2":{"line":24,"type":"if","locations":[{"start":{"line":24,"column":1},"end":{"line":24,"column":1}},{"start":{"line":24,"column":1},"end":{"line":24,"column":1}}]},"3":{"line":24,"type":"binary-expr","locations":[{"start":{"line":24,"column":4},"end":{"line":24,"column":28}},{"start":{"line":24,"column":32},"end":{"line":24,"column":54}},{"start":{"line":24,"column":58},"end":{"line":24,"column":81}},{"start":{"line":24,"column":85},"end":{"line":24,"column":107}}]},"4":{"line":25,"type":"if","locations":[{"start":{"line":25,"column":1},"end":{"line":25,"column":1}},{"start":{"line":25,"column":1},"end":{"line":25,"column":1}}]},"5":{"line":26,"type":"if","locations":[{"start":{"line":26,"column":2},"end":{"line":26,"column":2}},{"start":{"line":26,"column":2},"end":{"line":26,"column":2}}]},"6":{"line":27,"type":"if","locations":[{"start":{"line":27,"column":2},"end":{"line":27,"column":2}},{"start":{"line":27,"column":2},"end":{"line":27,"column":2}}]},"7":{"line":29,"type":"if","locations":[{"start":{"line":29,"column":1},"end":{"line":29,"column":1}},{"start":{"line":29,"column":1},"end":{"line":29,"column":1}}]},"8":{"line":31,"type":"binary-expr","locations":[{"start":{"line":31,"column":2},"end":{"line":31,"column":23}},{"start":{"line":31,"column":27},"end":{"line":31,"column":47}}]},"9":{"line":37,"type":"if","locations":[{"start":{"line":37,"column":1},"end":{"line":37,"column":1}},{"start":{"line":37,"column":1},"end":{"line":37,"column":1}}]},"10":{"line":42,"type":"if","locations":[{"start":{"line":42,"column":1},"end":{"line":42,"column":1}},{"start":{"line":42,"column":1},"end":{"line":42,"column":1}}]},"11":{"line":45,"type":"if","locations":[{"start":{"line":45,"column":1},"end":{"line":45,"column":1}},{"start":{"line":45,"column":1},"end":{"line":45,"column":1}}]},"12":{"line":48,"type":"if","locations":[{"start":{"line":48,"column":3},"end":{"line":48,"column":3}},{"start":{"line":48,"column":3},"end":{"line":48,"column":3}}]},"13":{"line":55,"type":"if","locations":[{"start":{"line":55,"column":2},"end":{"line":55,"column":2}},{"start":{"line":55,"column":2},"end":{"line":55,"column":2}}]},"14":{"line":59,"type":"if","locations":[{"start":{"line":59,"column":2},"end":{"line":59,"column":2}},{"start":{"line":59,"column":2},"end":{"line":59,"column":2}}]},"15":{"line":66,"type":"if","locations":[{"start":{"line":66,"column":2},"end":{"line":66,"column":2}},{"start":{"line":66,"column":2},"end":{"line":66,"column":2}}]},"16":{"line":70,"type":"if","locations":[{"start":{"line":70,"column":2},"end":{"line":70,"column":2}},{"start":{"line":70,"column":2},"end":{"line":70,"column":2}}]},"17":{"line":71,"type":"if","locations":[{"start":{"line":71,"column":2},"end":{"line":71,"column":2}},{"start":{"line":71,"column":2},"end":{"line":71,"column":2}}]},"18":{"line":72,"type":"if","locations":[{"start":{"line":72,"column":2},"end":{"line":72,"column":2}},{"start":{"line":72,"column":2},"end":{"line":72,"column":2}}]},"19":{"line":81,"type":"if","locations":[{"start":{"line":81,"column":1},"end":{"line":81,"column":1}},{"start":{"line":81,"column":1},"end":{"line":81,"column":1}}]},"20":{"line":84,"type":"if","locations":[{"start":{"line":84,"column":2},"end":{"line":84,"column":2}},{"start":{"line":84,"column":2},"end":{"line":84,"column":2}}]},"21":{"line":85,"type":"if","locations":[{"start":{"line":85,"column":2},"end":{"line":85,"column":2}},{"start":{"line":85,"column":2},"end":{"line":85,"column":2}}]},"22":{"line":88,"type":"if","locations":[{"start":{"line":88,"column":3},"end":{"line":88,"column":3}},{"start":{"line":88,"column":3},"end":{"line":88,"column":3}}]},"23":{"line":97,"type":"if","locations":[{"start":{"line":97,"column":2},"end":{"line":97,"column":2}},{"start":{"line":97,"column":2},"end":{"line":97,"column":2}}]},"24":{"line":98,"type":"if","locations":[{"start":{"line":98,"column":2},"end":{"line":98,"column":2}},{"start":{"line":98,"column":2},"end":{"line":98,"column":2}}]},"25":{"line":109,"type":"if","locations":[{"start":{"line":109,"column":2},"end":{"line":109,"column":2}},{"start":{"line":109,"column":2},"end":{"line":109,"column":2}}]},"26":{"line":110,"type":"if","locations":[{"start":{"line":110,"column":2},"end":{"line":110,"column":2}},{"start":{"line":110,"column":2},"end":{"line":110,"column":2}}]},"27":{"line":119,"type":"if","locations":[{"start":{"line":119,"column":1},"end":{"line":119,"column":1}},{"start":{"line":119,"column":1},"end":{"line":119,"column":1}}]},"28":{"line":128,"type":"if","locations":[{"start":{"line":128,"column":1},"end":{"line":128,"column":1}},{"start":{"line":128,"column":1},"end":{"line":128,"column":1}}]}}}}