TN:
SF:C:\Users\CatsPC\Desktop\NPM\swig-minifier\test.js
FN:18,(anonymous_1)
FN:23,(anonymous_2)
FN:29,(anonymous_3)
FNF:3
FNH:3
FNDA:1,(anonymous_1)
FNDA:1,(anonymous_2)
FNDA:1,(anonymous_3)
DA:1,1
DA:2,1
DA:3,1
DA:4,1
DA:6,1
DA:7,1
DA:9,1
DA:10,1
DA:12,1
DA:14,1
DA:15,1
DA:16,1
DA:18,1
DA:19,1
DA:22,1
DA:23,1
DA:24,1
DA:25,1
DA:29,1
DA:30,1
DA:31,1
DA:32,1
DA:36,1
LF:23
LH:23
BRDA:24,1,0,1
BRDA:24,1,1,0
BRDA:24,2,0,1
BRDA:24,2,1,1
BRDA:25,3,0,1
BRDA:25,3,1,0
BRDA:30,4,0,1
BRDA:30,4,1,0
BRF:8
BRH:5
end_of_record
TN:
SF:C:\Users\CatsPC\Desktop\NPM\swig-minifier\app.js
FN:22,(anonymous_1)
FN:35,(anonymous_2)
FN:38,(anonymous_3)
FN:47,(anonymous_4)
FN:53,(anonymous_5)
FN:54,(anonymous_6)
FN:79,(anonymous_7)
FN:83,(anonymous_8)
FN:87,(anonymous_9)
FN:95,(anonymous_10)
FN:96,(anonymous_11)
FN:106,(anonymous_12)
FN:108,(anonymous_13)
FN:118,(anonymous_14)
FN:121,(anonymous_15)
FN:127,(anonymous_16)
FN:132,(anonymous_17)
FNF:17
FNH:6
FNDA:1,(anonymous_1)
FNDA:0,(anonymous_2)
FNDA:0,(anonymous_3)
FNDA:0,(anonymous_4)
FNDA:1,(anonymous_5)
FNDA:1,(anonymous_6)
FNDA:1,(anonymous_7)
FNDA:1,(anonymous_8)
FNDA:0,(anonymous_9)
FNDA:0,(anonymous_10)
FNDA:0,(anonymous_11)
FNDA:0,(anonymous_12)
FNDA:0,(anonymous_13)
FNDA:0,(anonymous_14)
FNDA:0,(anonymous_15)
FNDA:1,(anonymous_16)
FNDA:0,(anonymous_17)
DA:2,1
DA:3,1
DA:4,1
DA:5,1
DA:6,1
DA:7,1
DA:8,1
DA:9,1
DA:12,1
DA:13,1
DA:14,1
DA:15,1
DA:18,1
DA:19,1
DA:22,1
DA:23,1
DA:24,1
DA:25,1
DA:26,1
DA:27,1
DA:29,1
DA:30,0
DA:31,0
DA:35,1
DA:36,0
DA:37,0
DA:38,0
DA:39,0
DA:42,0
DA:43,0
DA:45,0
DA:46,0
DA:47,0
DA:48,0
DA:53,1
DA:54,1
DA:55,1
DA:56,1
DA:59,1
DA:62,1
DA:63,1
DA:64,1
DA:65,1
DA:66,1
DA:67,1
DA:70,1
DA:71,1
DA:72,1
DA:79,1
DA:80,1
DA:81,1
DA:82,1
DA:83,1
DA:84,1
DA:85,0
DA:86,0
DA:87,0
DA:88,0
DA:89,0
DA:95,1
DA:96,0
DA:97,0
DA:98,0
DA:99,0
DA:100,0
DA:101,0
DA:106,1
DA:107,0
DA:108,0
DA:109,0
DA:110,0
DA:111,0
DA:112,0
DA:113,0
DA:118,1
DA:119,0
DA:120,0
DA:121,0
DA:122,0
DA:127,1
DA:128,1
DA:132,1
DA:133,0
DA:136,1
LF:84
LH:49
BRDA:19,1,0,1
BRDA:19,1,1,0
BRDA:24,2,0,0
BRDA:24,2,1,1
BRDA:24,3,0,1
BRDA:24,3,1,1
BRDA:24,3,2,0
BRDA:24,3,3,0
BRDA:25,4,0,1
BRDA:25,4,1,0
BRDA:26,5,0,1
BRDA:26,5,1,0
BRDA:27,6,0,0
BRDA:27,6,1,1
BRDA:29,7,0,0
BRDA:29,7,1,1
BRDA:31,8,0,0
BRDA:31,8,1,0
BRDA:37,9,0,0
BRDA:37,9,1,0
BRDA:42,10,0,0
BRDA:42,10,1,0
BRDA:45,11,0,0
BRDA:45,11,1,0
BRDA:48,12,0,0
BRDA:48,12,1,0
BRDA:55,13,0,0
BRDA:55,13,1,1
BRDA:59,14,0,0
BRDA:59,14,1,1
BRDA:66,15,0,1
BRDA:66,15,1,0
BRDA:70,16,0,1
BRDA:70,16,1,0
BRDA:71,17,0,0
BRDA:71,17,1,1
BRDA:72,18,0,0
BRDA:72,18,1,1
BRDA:81,19,0,0
BRDA:81,19,1,1
BRDA:84,20,0,1
BRDA:84,20,1,0
BRDA:85,21,0,0
BRDA:85,21,1,0
BRDA:88,22,0,0
BRDA:88,22,1,0
BRDA:97,23,0,0
BRDA:97,23,1,0
BRDA:98,24,0,0
BRDA:98,24,1,0
BRDA:109,25,0,0
BRDA:109,25,1,0
BRDA:110,26,0,0
BRDA:110,26,1,0
BRDA:119,27,0,0
BRDA:119,27,1,0
BRDA:128,28,0,0
BRDA:128,28,1,1
BRF:58
BRH:17
end_of_record
